TN:
SF:src\controllers\food.controller.ts
FN:4,(anonymous_0)
FN:14,(anonymous_1)
FN:24,(anonymous_2)
FN:34,(anonymous_3)
FNF:4
FNH:1
FNDA:1,(anonymous_0)
FNDA:0,(anonymous_1)
FNDA:0,(anonymous_2)
FNDA:0,(anonymous_3)
DA:2,1
DA:4,1
DA:5,1
DA:6,1
DA:7,1
DA:9,0
DA:14,1
DA:15,0
DA:16,0
DA:17,0
DA:18,0
DA:20,0
DA:24,1
DA:25,0
DA:26,0
DA:27,0
DA:28,0
DA:30,0
DA:34,1
DA:35,0
DA:36,0
DA:37,0
DA:38,0
DA:39,0
DA:41,0
LF:25
LH:8
BRF:0
BRH:0
end_of_record
TN:
SF:src\services\food.service.ts
FN:15,(anonymous_0)
FN:26,addFood
FN:44,deleteFood
FN:61,updateFood
FNF:4
FNH:1
FNDA:1,(anonymous_0)
FNDA:0,addFood
FNDA:0,deleteFood
FNDA:0,updateFood
DA:1,1
DA:3,1
DA:15,1
DA:16,1
DA:26,1
DA:27,0
DA:28,0
DA:40,0
DA:44,1
DA:45,0
DA:47,0
DA:55,0
DA:61,1
DA:62,0
DA:64,0
DA:78,0
LF:16
LH:7
BRF:0
BRH:0
end_of_record
